Started GET "/" for 127.0.0.1 at 2025-07-12 18:30:53 -0500
Processing by PagesController#home as HTML
  Rendering layout layouts/application.html.erb
  Rendering pages/home.html.erb within layouts/application
  Rendered pages/home.html.erb within layouts/application (Duration: 0.7ms | GC: 0.0ms)
  Rendered layout layouts/application.html.erb (Duration: 13.3ms | GC: 0.0ms)
Completed 200 OK in 89ms (Views: 25.2ms | GC: 0.0ms)


Started GET "/assets/application-8b441ae0.css" for 127.0.0.1 at 2025-07-12 18:30:53 -0500
Started GET "/" for 127.0.0.1 at 2025-07-12 18:32:29 -0500
Processing by PagesController#home as HTML
  Rendering layout layouts/application.html.erb
  Rendering pages/home.html.erb within layouts/application
  Rendered pages/home.html.erb within layouts/application (Duration: 1.1ms | GC: 0.0ms)
  Rendered layout layouts/application.html.erb (Duration: 11.8ms | GC: 0.0ms)
Completed 200 OK in 67ms (Views: 20.1ms | GC: 0.0ms)


Started GET "/assets/application.css" for 127.0.0.1 at 2025-07-12 18:32:29 -0500
Started GET "/" for 127.0.0.1 at 2025-07-12 18:40:27 -0500
Processing by PagesController#home as HTML
  Rendering layout layouts/application.html.erb
  Rendering pages/home.html.erb within layouts/application
  Rendered pages/home.html.erb within layouts/application (Duration: 2.6ms | GC: 0.0ms)
  Rendered layout layouts/application.html.erb (Duration: 10.4ms | GC: 0.0ms)
Completed 200 OK in 73ms (Views: 19.4ms | GC: 0.0ms)


Started GET "/assets/application.css" for 127.0.0.1 at 2025-07-12 18:40:28 -0500
Started GET "/assets/peakbox_logo-6d90fda6.png" for 127.0.0.1 at 2025-07-12 18:40:28 -0500
Started GET "/" for 127.0.0.1 at 2025-07-12 18:42:43 -0500
Processing by PagesController#home as HTML
  Rendering layout layouts/application.html.erb
  Rendering pages/home.html.erb within layouts/application
  Rendered pages/home.html.erb within layouts/application (Duration: 3.1ms | GC: 0.0ms)
  Rendered layout layouts/application.html.erb (Duration: 10.9ms | GC: 0.0ms)
Completed 200 OK in 66ms (Views: 18.4ms | GC: 0.0ms)


Started GET "/assets/application.css" for 127.0.0.1 at 2025-07-12 18:42:44 -0500
Started GET "/" for 127.0.0.1 at 2025-07-12 18:44:40 -0500
Processing by PagesController#home as HTML
  Rendering layout layouts/application.html.erb
  Rendering pages/home.html.erb within layouts/application
  Rendered pages/home.html.erb within layouts/application (Duration: 3.5ms | GC: 0.0ms)
  Rendered layout layouts/application.html.erb (Duration: 11.5ms | GC: 0.0ms)
Completed 200 OK in 70ms (Views: 23.5ms | GC: 0.0ms)


Started GET "/assets/application.css" for 127.0.0.1 at 2025-07-12 18:44:40 -0500
Started GET "/" for 127.0.0.1 at 2025-07-12 18:45:53 -0500
Processing by PagesController#home as HTML
  Rendering layout layouts/application.html.erb
  Rendering pages/home.html.erb within layouts/application
  Rendered pages/home.html.erb within layouts/application (Duration: 1.7ms | GC: 0.0ms)
  Rendered layout layouts/application.html.erb (Duration: 4.7ms | GC: 0.0ms)
Completed 200 OK in 15ms (Views: 7.8ms | GC: 0.0ms)


Started GET "/assets/application.css" for 127.0.0.1 at 2025-07-12 18:45:53 -0500
Started GET "/" for 127.0.0.1 at 2025-07-12 18:45:55 -0500
Processing by PagesController#home as HTML
  Rendering layout layouts/application.html.erb
  Rendering pages/home.html.erb within layouts/application
  Rendered pages/home.html.erb within layouts/application (Duration: 0.4ms | GC: 0.0ms)
  Rendered layout layouts/application.html.erb (Duration: 4.7ms | GC: 0.0ms)
Completed 200 OK in 22ms (Views: 5.8ms | GC: 0.0ms)


Started GET "/assets/application.css" for 127.0.0.1 at 2025-07-12 18:45:55 -0500
Started GET "/" for 127.0.0.1 at 2025-07-12 18:48:12 -0500
Processing by PagesController#home as HTML
  Rendering layout layouts/application.html.erb
  Rendering pages/home.html.erb within layouts/application
  Rendered pages/home.html.erb within layouts/application (Duration: 2.9ms | GC: 0.0ms)
  Rendered layout layouts/application.html.erb (Duration: 10.2ms | GC: 0.0ms)
Completed 200 OK in 60ms (Views: 16.9ms | GC: 0.0ms)


Started GET "/assets/application.css" for 127.0.0.1 at 2025-07-12 18:48:12 -0500
Started GET "/" for 127.0.0.1 at 2025-07-12 18:50:52 -0500
Processing by PagesController#home as HTML
  Rendering layout layouts/application.html.erb
  Rendering pages/home.html.erb within layouts/application
  Rendered pages/home.html.erb within layouts/application (Duration: 0.4ms | GC: 0.0ms)
  Rendered layout layouts/application.html.erb (Duration: 7.3ms | GC: 0.0ms)
Completed 200 OK in 15ms (Views: 8.8ms | GC: 0.0ms)


Started GET "/assets/application.css" for 127.0.0.1 at 2025-07-12 18:50:52 -0500
Started GET "/" for 127.0.0.1 at 2025-07-12 18:51:25 -0500
Processing by PagesController#home as HTML
  Rendering layout layouts/application.html.erb
  Rendering pages/home.html.erb within layouts/application
  Rendered pages/home.html.erb within layouts/application (Duration: 3.4ms | GC: 0.0ms)
  Rendered layout layouts/application.html.erb (Duration: 14.4ms | GC: 0.0ms)
Completed 200 OK in 72ms (Views: 22.0ms | GC: 0.0ms)


Started GET "/assets/application.css" for 127.0.0.1 at 2025-07-12 18:51:25 -0500
Started GET "/assets/peakbox_logo-4de76c29.png" for 127.0.0.1 at 2025-07-12 18:51:25 -0500
Started GET "/" for 127.0.0.1 at 2025-07-12 18:54:37 -0500
Processing by PagesController#home as HTML
  Rendering layout layouts/application.html.erb
  Rendering pages/home.html.erb within layouts/application
  Rendered pages/home.html.erb within layouts/application (Duration: 3.3ms | GC: 0.0ms)
  Rendered layout layouts/application.html.erb (Duration: 12.4ms | GC: 0.0ms)
Completed 200 OK in 76ms (Views: 21.9ms | GC: 0.0ms)


Started GET "/assets/application.css" for 127.0.0.1 at 2025-07-12 18:54:38 -0500
Started GET "/" for 127.0.0.1 at 2025-07-12 20:53:03 -0500
Processing by PagesController#home as HTML
  Rendering layout layouts/application.html.erb
  Rendering pages/home.html.erb within layouts/application
  Rendered pages/home.html.erb within layouts/application (Duration: 5.1ms | GC: 0.1ms)
  Rendered layout layouts/application.html.erb (Duration: 12.8ms | GC: 0.1ms)
Completed 200 OK in 84ms (Views: 17.7ms | GC: 14.9ms)


Started GET "/assets/application.css" for 127.0.0.1 at 2025-07-12 20:53:03 -0500
Started GET "/" for 127.0.0.1 at 2025-07-12 21:14:27 -0500
Processing by PagesController#home as HTML
  Rendering layout layouts/application.html.erb
  Rendering pages/home.html.erb within layouts/application
  Rendered pages/home.html.erb within layouts/application (Duration: 5.4ms | GC: 0.0ms)
  Rendered layout layouts/application.html.erb (Duration: 17.9ms | GC: 0.1ms)
Completed 200 OK in 96ms (Views: 26.2ms | GC: 14.1ms)


Started GET "/assets/application.css" for 127.0.0.1 at 2025-07-12 21:14:28 -0500
Started GET "/" for 127.0.0.1 at 2025-07-12 21:14:29 -0500
Processing by PagesController#home as HTML
  Rendering layout layouts/application.html.erb
  Rendering pages/home.html.erb within layouts/application
  Rendered pages/home.html.erb within layouts/application (Duration: 0.6ms | GC: 0.0ms)
  Rendered layout layouts/application.html.erb (Duration: 2.9ms | GC: 0.0ms)
Completed 200 OK in 8ms (Views: 4.3ms | GC: 0.0ms)


Started GET "/assets/application.css" for 127.0.0.1 at 2025-07-12 21:14:29 -0500
Started GET "/" for 127.0.0.1 at 2025-07-12 21:14:29 -0500
Processing by PagesController#home as HTML
  Rendering layout layouts/application.html.erb
  Rendering pages/home.html.erb within layouts/application
  Rendered pages/home.html.erb within layouts/application (Duration: 0.7ms | GC: 0.0ms)
  Rendered layout layouts/application.html.erb (Duration: 5.6ms | GC: 0.0ms)
Completed 200 OK in 19ms (Views: 11.2ms | GC: 0.0ms)


Started GET "/assets/application.css" for 127.0.0.1 at 2025-07-12 21:14:29 -0500
Started GET "/" for 127.0.0.1 at 2025-07-12 21:16:33 -0500
Processing by PagesController#home as HTML
  Rendering layout layouts/application.html.erb
  Rendering pages/home.html.erb within layouts/application
  Rendered pages/home.html.erb within layouts/application (Duration: 6.0ms | GC: 0.2ms)
  Rendered layout layouts/application.html.erb (Duration: 15.8ms | GC: 0.2ms)
Completed 200 OK in 91ms (Views: 24.5ms | GC: 13.1ms)


Started GET "/assets/application.css" for 127.0.0.1 at 2025-07-12 21:16:33 -0500
Started GET "/" for 127.0.0.1 at 2025-07-12 21:16:34 -0500
Processing by PagesController#home as HTML
  Rendering layout layouts/application.html.erb
  Rendering pages/home.html.erb within layouts/application
  Rendered pages/home.html.erb within layouts/application (Duration: 0.2ms | GC: 0.0ms)
  Rendered layout layouts/application.html.erb (Duration: 1.7ms | GC: 0.0ms)
Completed 200 OK in 11ms (Views: 2.6ms | GC: 0.0ms)


Started GET "/assets/application.css" for 127.0.0.1 at 2025-07-12 21:16:34 -0500
Started GET "/" for 127.0.0.1 at 2025-07-12 21:40:01 -0500
Processing by PagesController#home as HTML
  Rendering layout layouts/application.html.erb
  Rendering pages/home.html.erb within layouts/application
  Rendered pages/home.html.erb within layouts/application (Duration: 1.4ms | GC: 0.0ms)
  Rendered layout layouts/application.html.erb (Duration: 11.0ms | GC: 0.0ms)
Completed 200 OK in 73ms (Views: 19.6ms | GC: 7.2ms)


Started GET "/assets/application.css" for 127.0.0.1 at 2025-07-12 21:40:02 -0500
Started GET "/" for 127.0.0.1 at 2025-07-12 21:47:14 -0500
Processing by PagesController#home as HTML
  Rendering layout layouts/application.html.erb
  Rendering pages/home.html.erb within layouts/application
  Rendered pages/home.html.erb within layouts/application (Duration: 3.7ms | GC: 0.0ms)
  Rendered layout layouts/application.html.erb (Duration: 15.9ms | GC: 0.0ms)
Completed 200 OK in 87ms (Views: 27.5ms | GC: 0.0ms)


Started GET "/assets/application.css" for 127.0.0.1 at 2025-07-12 21:47:14 -0500
Started GET "/" for 127.0.0.1 at 2025-07-12 21:48:47 -0500
Processing by PagesController#home as HTML
  Rendering layout layouts/application.html.erb
  Rendering pages/home.html.erb within layouts/application
  Rendered pages/home.html.erb within layouts/application (Duration: 1.7ms | GC: 0.0ms)
  Rendered layout layouts/application.html.erb (Duration: 10.0ms | GC: 0.0ms)
Completed 200 OK in 63ms (Views: 17.7ms | GC: 0.0ms)


Started GET "/assets/application.css" for 127.0.0.1 at 2025-07-12 21:48:47 -0500
Started GET "/" for 127.0.0.1 at 2025-07-12 21:50:53 -0500
Processing by PagesController#home as HTML
  Rendering layout layouts/application.html.erb
  Rendering pages/home.html.erb within layouts/application
  Rendered pages/home.html.erb within layouts/application (Duration: 2.1ms | GC: 0.0ms)
  Rendered layout layouts/application.html.erb (Duration: 15.2ms | GC: 0.0ms)
Completed 200 OK in 97ms (Views: 24.6ms | GC: 14.4ms)


Started GET "/assets/application.css" for 127.0.0.1 at 2025-07-12 21:50:53 -0500
Started GET "/" for 127.0.0.1 at 2025-07-12 21:55:34 -0500
Processing by PagesController#home as HTML
  Rendering layout layouts/application.html.erb
  Rendering pages/home.html.erb within layouts/application
  Rendered pages/home.html.erb within layouts/application (Duration: 2.1ms | GC: 0.0ms)
  Rendered layout layouts/application.html.erb (Duration: 10.7ms | GC: 0.0ms)
Completed 200 OK in 66ms (Views: 18.7ms | GC: 0.0ms)


Started GET "/assets/application.css" for 127.0.0.1 at 2025-07-12 21:55:34 -0500
Started GET "/" for 127.0.0.1 at 2025-07-12 22:06:38 -0500
Processing by PagesController#home as HTML
  Rendering layout layouts/application.html.erb
  Rendering pages/home.html.erb within layouts/application
  Rendered pages/home.html.erb within layouts/application (Duration: 11.7ms | GC: 0.1ms)
  Rendered layout layouts/application.html.erb (Duration: 83.4ms | GC: 0.1ms)
Completed 500 Internal Server Error in 326ms (GC: 14.6ms)


  
ActionView::Template::Error (The asset 'landing_page.css' was not found in the load path.)
Caused by: Propshaft::MissingAssetError (The asset 'landing_page.css' was not found in the load path.)

Information for: ActionView::Template::Error (The asset 'landing_page.css' was not found in the load path.):
    18:     <link rel="apple-touch-icon" href="/icon.png">
    19: 
    20:     <%# Includes all stylesheet files in app/assets/stylesheets %>
    21:     <%= stylesheet_link_tag :app %>
    22:   </head>
    23: 
    24:   <body>
  
app/views/layouts/application.html.erb:21

Information for cause: Propshaft::MissingAssetError (The asset 'landing_page.css' was not found in the load path.):
  
app/views/layouts/application.html.erb:21
Started GET "/" for 127.0.0.1 at 2025-07-12 22:08:41 -0500
Processing by PagesController#home as HTML
  Rendering layout layouts/application.html.erb
  Rendering pages/home.html.erb within layouts/application
  Rendered pages/home.html.erb within layouts/application (Duration: 3.4ms | GC: 0.1ms)
  Rendered layout layouts/application.html.erb (Duration: 16.8ms | GC: 0.1ms)
Completed 500 Internal Server Error in 125ms (GC: 14.6ms)


  
ActionView::Template::Error (The asset 'landing_page.css' was not found in the load path.)
Caused by: Propshaft::MissingAssetError (The asset 'landing_page.css' was not found in the load path.)

Information for: ActionView::Template::Error (The asset 'landing_page.css' was not found in the load path.):
    18:     <link rel="apple-touch-icon" href="/icon.png">
    19: 
    20:     <%# Carga directamente tu archivo de estilos de la landing page %>
    21:     <%= stylesheet_link_tag "landing_page", "data-turbo-track": "reload" %>
    22: 
    23:     <%# Si necesitas el JavaScript de importmap (aunque no lo estás usando en home.html.erb), déjalo %>
    24:     <%= javascript_importmap_tags %>
  
app/views/layouts/application.html.erb:21

Information for cause: Propshaft::MissingAssetError (The asset 'landing_page.css' was not found in the load path.):
  
app/views/layouts/application.html.erb:21
Started GET "/" for 127.0.0.1 at 2025-07-12 22:08:43 -0500
Processing by PagesController#home as HTML
  Rendering layout layouts/application.html.erb
  Rendering pages/home.html.erb within layouts/application
  Rendered pages/home.html.erb within layouts/application (Duration: 1.4ms | GC: 1.0ms)
  Rendered layout layouts/application.html.erb (Duration: 4.1ms | GC: 1.6ms)
Completed 500 Internal Server Error in 14ms (GC: 2.8ms)


  
ActionView::Template::Error (The asset 'landing_page.css' was not found in the load path.)
Caused by: Propshaft::MissingAssetError (The asset 'landing_page.css' was not found in the load path.)

Information for: ActionView::Template::Error (The asset 'landing_page.css' was not found in the load path.):
    18:     <link rel="apple-touch-icon" href="/icon.png">
    19: 
    20:     <%# Carga directamente tu archivo de estilos de la landing page %>
    21:     <%= stylesheet_link_tag "landing_page", "data-turbo-track": "reload" %>
    22: 
    23:     <%# Si necesitas el JavaScript de importmap (aunque no lo estás usando en home.html.erb), déjalo %>
    24:     <%= javascript_importmap_tags %>
  
app/views/layouts/application.html.erb:21

Information for cause: Propshaft::MissingAssetError (The asset 'landing_page.css' was not found in the load path.):
  
app/views/layouts/application.html.erb:21
Started GET "/" for 127.0.0.1 at 2025-07-12 22:10:37 -0500
Processing by PagesController#home as HTML
  Rendering layout layouts/application.html.erb
  Rendering pages/home.html.erb within layouts/application
  Rendered pages/home.html.erb within layouts/application (Duration: 3.1ms | GC: 0.1ms)
  Rendered layout layouts/application.html.erb (Duration: 16.9ms | GC: 0.1ms)
Completed 500 Internal Server Error in 106ms (GC: 16.7ms)


  
ActionView::Template::Error (undefined local variable or method `javascript_importmap_tags' for an instance of #<Class:0x00007894787410f0>)
Caused by: NameError (undefined local variable or method `javascript_importmap_tags' for an instance of #<Class:0x00007894787410f0>)

Information for: ActionView::Template::Error (undefined local variable or method `javascript_importmap_tags' for an instance of #<Class:0x00007894787410f0>):
    21:     <%= stylesheet_link_tag "landing_page", "data-turbo-track": "reload" %>
    22: 
    23:     <%# Si necesitas el JavaScript de importmap (aunque no lo estás usando en home.html.erb), déjalo %>
    24:     <%= javascript_importmap_tags %>
    25:   </head>
    26: 
    27:   <body>
  
app/views/layouts/application.html.erb:24

Information for cause: NameError (undefined local variable or method `javascript_importmap_tags' for an instance of #<Class:0x00007894787410f0>):
  
app/views/layouts/application.html.erb:24
Started GET "/" for 127.0.0.1 at 2025-07-12 22:11:28 -0500
Processing by PagesController#home as HTML
  Rendering layout layouts/application.html.erb
  Rendering pages/home.html.erb within layouts/application
  Rendered pages/home.html.erb within layouts/application (Duration: 2.1ms | GC: 0.0ms)
  Rendered layout layouts/application.html.erb (Duration: 8.0ms | GC: 0.0ms)
Completed 200 OK in 18ms (Views: 11.7ms | GC: 0.0ms)


Started GET "/assets/application-90a6c336.css" for 127.0.0.1 at 2025-07-12 22:11:29 -0500
Started GET "/assets/application.css" for 127.0.0.1 at 2025-07-12 22:11:29 -0500
Started GET "/assets/landing_page-fbedb6f9.css" for 127.0.0.1 at 2025-07-12 22:11:29 -0500
Started GET "/assets/peakbox_logo-0bbeb587.png" for 127.0.0.1 at 2025-07-12 22:11:29 -0500
Started GET "/" for 127.0.0.1 at 2025-07-12 22:11:44 -0500
Processing by PagesController#home as HTML
  Rendering layout layouts/application.html.erb
  Rendering pages/home.html.erb within layouts/application
  Rendered pages/home.html.erb within layouts/application (Duration: 2.2ms | GC: 0.0ms)
  Rendered layout layouts/application.html.erb (Duration: 8.6ms | GC: 0.0ms)
Completed 200 OK in 18ms (Views: 12.3ms | GC: 0.0ms)


Started GET "/assets/application.css" for 127.0.0.1 at 2025-07-12 22:11:44 -0500
Started GET "/" for 127.0.0.1 at 2025-07-12 22:11:51 -0500
Processing by PagesController#home as HTML
  Rendering layout layouts/application.html.erb
  Rendering pages/home.html.erb within layouts/application
  Rendered pages/home.html.erb within layouts/application (Duration: 9.5ms | GC: 0.2ms)
  Rendered layout layouts/application.html.erb (Duration: 20.5ms | GC: 0.2ms)
Completed 200 OK in 139ms (Views: 33.0ms | GC: 19.2ms)


Started GET "/assets/application.css" for 127.0.0.1 at 2025-07-12 22:11:51 -0500
Started GET "/" for 127.0.0.1 at 2025-07-12 22:12:26 -0500
Processing by PagesController#home as HTML
  Rendering layout layouts/application.html.erb
  Rendering pages/home.html.erb within layouts/application
  Rendered pages/home.html.erb within layouts/application (Duration: 1.7ms | GC: 0.0ms)
  Rendered layout layouts/application.html.erb (Duration: 5.7ms | GC: 0.0ms)
Completed 200 OK in 19ms (Views: 11.0ms | GC: 0.0ms)


Started GET "/assets/application.css" for 127.0.0.1 at 2025-07-12 22:12:26 -0500
Started GET "/" for 127.0.0.1 at 2025-07-12 22:12:39 -0500
Processing by PagesController#home as HTML
  Rendering layout layouts/application.html.erb
  Rendering pages/home.html.erb within layouts/application
  Rendered pages/home.html.erb within layouts/application (Duration: 1.3ms | GC: 0.0ms)
  Rendered layout layouts/application.html.erb (Duration: 5.0ms | GC: 0.0ms)
Completed 200 OK in 14ms (Views: 8.1ms | GC: 0.7ms)


Started GET "/assets/application.css" for 127.0.0.1 at 2025-07-12 22:12:40 -0500
Started GET "/" for 127.0.0.1 at 2025-07-12 22:12:52 -0500
Processing by PagesController#home as HTML
  Rendering layout layouts/application.html.erb
  Rendering pages/home.html.erb within layouts/application
  Rendered pages/home.html.erb within layouts/application (Duration: 1.3ms | GC: 0.0ms)
  Rendered layout layouts/application.html.erb (Duration: 18.0ms | GC: 9.7ms)
Completed 200 OK in 38ms (Views: 28.0ms | GC: 13.4ms)


Started GET "/assets/application.css" for 127.0.0.1 at 2025-07-12 22:12:53 -0500
Started GET "/admin/" for 127.0.0.1 at 2025-07-12 22:13:45 -0500
  
ActionController::RoutingError (No route matches [GET] "/admin"):
  
Started GET "/" for 127.0.0.1 at 2025-07-12 22:14:36 -0500
Processing by PagesController#home as HTML
  Rendering layout layouts/application.html.erb
  Rendering pages/home.html.erb within layouts/application
  Rendered pages/home.html.erb within layouts/application (Duration: 4.6ms | GC: 0.0ms)
  Rendered layout layouts/application.html.erb (Duration: 11.5ms | GC: 0.0ms)
Completed 200 OK in 92ms (Views: 17.7ms | GC: 0.0ms)


Started GET "/assets/application.css" for 127.0.0.1 at 2025-07-12 22:14:36 -0500
Started GET "/" for 127.0.0.1 at 2025-07-12 23:20:30 -0500
Processing by PagesController#home as HTML
  Rendering layout layouts/application.html.erb
  Rendering pages/home.html.erb within layouts/application
  Rendered pages/home.html.erb within layouts/application (Duration: 5.3ms | GC: 0.4ms)
  Rendered layout layouts/application.html.erb (Duration: 16.0ms | GC: 0.4ms)
Completed 200 OK in 101ms (Views: 26.5ms | GC: 14.9ms)


Started GET "/assets/landing_page-fbedb6f9.css" for 127.0.0.1 at 2025-07-12 23:20:30 -0500
Started GET "/assets/application.css" for 127.0.0.1 at 2025-07-12 23:20:30 -0500
Started GET "/assets/peakbox_logo-0bbeb587.png" for 127.0.0.1 at 2025-07-12 23:20:31 -0500
Started GET "/" for 127.0.0.1 at 2025-07-13 12:59:08 -0500
Processing by PagesController#home as HTML
  Rendering layout layouts/application.html.erb
  Rendering pages/home.html.erb within layouts/application
  Rendered pages/home.html.erb within layouts/application (Duration: 6.4ms | GC: 0.6ms)
  Rendered layout layouts/application.html.erb (Duration: 16.5ms | GC: 0.6ms)
Completed 200 OK in 115ms (Views: 28.9ms | GC: 8.6ms)


Started GET "/assets/application.css" for 127.0.0.1 at 2025-07-13 12:59:09 -0500
Started GET "/admin" for 127.0.0.1 at 2025-07-13 13:56:39 -0500
  
ActionController::RoutingError (No route matches [GET] "/admin"):
  
Started GET "/" for 127.0.0.1 at 2025-07-13 13:56:42 -0500
Processing by PagesController#home as HTML
  Rendering layout layouts/application.html.erb
  Rendering pages/home.html.erb within layouts/application
  Rendered pages/home.html.erb within layouts/application (Duration: 7.8ms | GC: 1.2ms)
  Rendered layout layouts/application.html.erb (Duration: 16.6ms | GC: 1.2ms)
Completed 200 OK in 106ms (Views: 20.6ms | GC: 11.3ms)


Started GET "/assets/application.css" for 127.0.0.1 at 2025-07-13 13:56:42 -0500
